e:\gaming\textbox\game\game\debug\vc143.pdb
e:\gaming\textbox\game\game\debug\vc143.idb
e:\gaming\textbox\game\game\debug\shape.obj
e:\gaming\textbox\game\game\debug\glazy_vao.obj
e:\gaming\textbox\game\game\debug\glazy_texture.obj
e:\gaming\textbox\game\game\debug\glazy_program.obj
e:\gaming\textbox\game\game\debug\glazy_ecs.obj
e:\gaming\textbox\game\game\debug\glazy_common.obj
e:\gaming\textbox\game\game\debug\glazy_buffer.obj
e:\gaming\textbox\game\game\debug\quad.obj
e:\gaming\textbox\game\game\debug\level.obj
e:\gaming\textbox\game\game\debug\ecs.obj
e:\gaming\textbox\game\game\debug\components.obj
e:\gaming\textbox\game\game\debug\common.obj
e:\gaming\textbox\game\game\debug\glad.obj
e:\gaming\textbox\game\game\debug\game.ilk
e:\gaming\textbox\game\debug\game.pdb
e:\gaming\textbox\game\game\debug\game.tlog\cl.command.1.tlog
e:\gaming\textbox\game\game\debug\game.tlog\cl.items.tlog
e:\gaming\textbox\game\game\debug\game.tlog\cl.read.1.tlog
e:\gaming\textbox\game\game\debug\game.tlog\cl.write.1.tlog
e:\gaming\textbox\game\game\debug\game.tlog\link.command.1.tlog
e:\gaming\textbox\game\game\debug\game.tlog\link.read.1.tlog
e:\gaming\textbox\game\game\debug\game.tlog\link.secondary.1.tlog
e:\gaming\textbox\game\game\debug\game.tlog\link.write.1.tlog
